<?xml version="1.0" encoding="UTF-8"?>
<testsuite xmlns:xsi="http://www.w3.org/2001/XMLSchema-instance" xsi:noNamespaceSchemaLocation="https://maven.apache.org/surefire/maven-surefire-plugin/xsd/surefire-test-report-3.0.xsd" version="3.0" name="com.analyzer.EmployeeAnalyzerTest" time="0.057" tests="3" errors="0" skipped="0" failures="0">
  <properties>
[...]
</properties>
  <testcase name="testDepthCalculation" classname="com.analyzer.EmployeeAnalyzerTest" time="0.026"/>
  <testcase name="testAnalyzeSalaryViolations" classname="com.analyzer.EmployeeAnalyzerTest" time="0.006">
    <system-out><![CDATA[Salary violations:
Manager Bob Jose earns 10.00 LESS than minimum allowed
Manager Alice Jane earns 25.00 MORE than maximum allowed

Reporting line violations:
There is no Violation]]></system-out>
  </testcase>
  <testcase name="testLoadEmployees" classname="com.analyzer.EmployeeAnalyzerTest" time="0.002"/>
</testsuite>